11:57:48.836 INFO - Selenium build info: version: '3.0.1', revision: '1969d75'
11:57:48.837 INFO - Launching a standalone Selenium Server
2017-01-24 11:57:48.866:INFO::main: Logging initialized @300ms
11:57:48.934 INFO - Driver class not found: com.opera.core.systems.OperaDriver
11:57:48.935 INFO - Driver provider com.opera.core.systems.OperaDriver registration is skipped:
Unable to create new instances on this machine.
11:57:48.935 INFO - Driver class not found: com.opera.core.systems.OperaDriver
11:57:48.935 INFO - Driver provider com.opera.core.systems.OperaDriver is not registered
11:57:48.942 INFO - Driver provider org.openqa.selenium.safari.SafariDriver registration is skipped:
 registration capabilities Capabilities [{browserName=safari, version=, platform=MAC}] does not match the current platform VISTA
2017-01-24 11:57:48.988:INFO:osjs.Server:main: jetty-9.2.15.v20160210
2017-01-24 11:57:49.020:INFO:osjsh.ContextHandler:main: Started o.s.j.s.ServletContextHandler@100fc185{/,null,AVAILABLE}
2017-01-24 11:57:49.166:INFO:osjs.ServerConnector:main: Started ServerConnector@26653222{HTTP/1.1}{0.0.0.0:4444}
2017-01-24 11:57:49.166:INFO:osjs.Server:main: Started @599ms
11:57:49.166 INFO - Selenium Server is up and running
11:57:49.446 INFO - SessionCleaner initialized with insideBrowserTimeout 0 and clientGoneTimeout 1800000 polling every 180000
11:57:49.490 INFO - Executing: [new session: Capabilities [{acceptSslCerts=true, marionette=true, name=Demo Test, browserName=firefox, javascriptEnabled=true, platform=ANY}]])
11:57:49.499 INFO - Creating a new session for Capabilities [{acceptSslCerts=true, marionette=true, name=Demo Test, browserName=firefox, javascriptEnabled=true, platform=ANY}]
1485284269943	geckodriver	INFO	Listening on 127.0.0.1:25400
11:57:50.463 INFO - Attempting bi-dialect session, assuming Postel's Law holds true on the remote end
1485284270499	mozprofile::profile	INFO	Using profile path C:\Users\davimatn\AppData\Local\Temp\rust_mozprofile.f2sCfBsrVJ98
1485284270509	geckodriver::marionette	INFO	Starting browser C:\Program Files (x86)\Mozilla Firefox\firefox.exe
1485284270519	geckodriver::marionette	INFO	Connecting to Marionette on localhost:51167
1485284270683	addons.manager	DEBUG	Application has been upgraded
1485284270712	addons.manager	DEBUG	Loaded provider scope for resource://gre/modules/addons/XPIProvider.jsm: ["XPIProvider"]
1485284270714	addons.manager	DEBUG	Loaded provider scope for resource://gre/modules/LightweightThemeManager.jsm: ["LightweightThemeManager"]
1485284270716	addons.manager	DEBUG	Loaded provider scope for resource://gre/modules/addons/GMPProvider.jsm
1485284270717	addons.manager	DEBUG	Loaded provider scope for resource://gre/modules/addons/PluginProvider.jsm
1485284270718	addons.manager	DEBUG	Starting provider: XPIProvider
1485284270718	addons.xpi	DEBUG	startup
1485284270718	addons.xpi	INFO	SystemAddonInstallLocation directory is missing
1485284270719	addons.xpi	INFO	Mapping loop@mozilla.org to C:\Program Files (x86)\Mozilla Firefox\browser\features\loop@mozilla.org.xpi
1485284270720	addons.xpi	INFO	Mapping {972ce4c6-7e08-4474-a285-3208198ce6fd} to C:\Program Files (x86)\Mozilla Firefox\browser\extensions\{972ce4c6-7e08-4474-a285-3208198ce6fd}.xpi
1485284270720	addons.xpi	DEBUG	checkForChanges
1485284270721	addons.xpi	DEBUG	Loaded add-on state from prefs: {}
1485284270722	addons.xpi	DEBUG	New add-on loop@mozilla.org in app-system-defaults
1485284270722	addons.xpi	DEBUG	getModTime: Recursive scan of loop@mozilla.org
1485284270723	addons.xpi	DEBUG	New add-on {972ce4c6-7e08-4474-a285-3208198ce6fd} in app-global
1485284270723	addons.xpi	DEBUG	getModTime: Recursive scan of {972ce4c6-7e08-4474-a285-3208198ce6fd}
1485284270723	addons.xpi	DEBUG	getInstallState changed: true, state: {"app-system-defaults":{"loop@mozilla.org":{"d":"C:\\Program Files (x86)\\Mozilla Firefox\\browser\\features\\loop@mozilla.org.xpi","st":1478296636161}},"app-global":{"{972ce4c6-7e08-4474-a285-3208198ce6fd}":{"d":"C:\\Program Files (x86)\\Mozilla Firefox\\browser\\extensions\\{972ce4c6-7e08-4474-a285-3208198ce6fd}.xpi","st":1478296636170}}}
1485284270730	addons.xpi-utils	DEBUG	Opening XPI database C:\Users\davimatn\AppData\Local\Temp\rust_mozprofile.f2sCfBsrVJ98\extensions.json
1485284270731	addons.xpi-utils	DEBUG	New add-on loop@mozilla.org installed in app-system-defaults
*** Blocklist::_loadBlocklistFromFile: blocklist is disabled
1485284270742	DeferredSave.extensions.json	DEBUG	Save changes
1485284270742	addons.xpi-utils	DEBUG	New add-on {972ce4c6-7e08-4474-a285-3208198ce6fd} installed in app-global
1485284270745	DeferredSave.extensions.json	DEBUG	Starting timer
1485284270746	DeferredSave.extensions.json	DEBUG	Save changes
1485284270747	addons.xpi-utils	INFO	Hiding the updated system add-ons.
1485284270752	addons.xpi	DEBUG	Loading bootstrap scope from C:\Program Files (x86)\Mozilla Firefox\browser\features\loop@mozilla.org.xpi
1485284270764	addons.xpi	DEBUG	Calling bootstrap method install on loop@mozilla.org version 1.1.14
1485284270764	addons.xpi-utils	DEBUG	Make addon app-system-defaults:loop@mozilla.org visible
1485284270764	DeferredSave.extensions.json	DEBUG	Save changes
1485284270764	addons.xpi-utils	DEBUG	Make addon app-global:{972ce4c6-7e08-4474-a285-3208198ce6fd} visible
1485284270764	DeferredSave.extensions.json	DEBUG	Save changes
1485284270765	addons.xpi	DEBUG	Updating XPIState for {"id":"loop@mozilla.org","syncGUID":"d2I8BxxDCOoY","location":"app-system-defaults","version":"1.1.14","type":"extension","internalName":null,"updateURL":null,"updateKey":null,"optionsURL":null,"optionsType":null,"aboutURL":null,"icons":{},"iconURL":null,"icon64URL":null,"defaultLocale":{"name":"Firefox Hello Beta","description":"Web sharing for Firefox","creator":"Mozilla","homepageURL":null},"visible":true,"active":true,"userDisabled":false,"appDisabled":false,"descriptor":"C:\\Program Files (x86)\\Mozilla Firefox\\browser\\features\\loop@mozilla.org.xpi","installDate":1478296636161,"updateDate":1478296636161,"applyBackgroundUpdates":1,"bootstrap":true,"skinnable":false,"size":4109551,"sourceURI":null,"releaseNotesURI":null,"softDisabled":false,"foreignInstall":false,"hasBinaryComponents":false,"strictCompatibility":false,"locales":[],"targetApplications":[{"id":"{ec8030f7-c20a-464f-9b0e-13a3a9e97384}","minVersion":"45.0","maxVersion":"45.*"},{"id":"xpcshell@tests.mozilla.org","minVersion":"0","maxVersion":"10"}],"targetPlatforms":[],"multiprocessCompatible":false,"seen":true}
1485284270765	addons.xpi	DEBUG	getModTime: Recursive scan of loop@mozilla.org
1485284270765	addons.xpi	DEBUG	Updating XPIState for {"id":"{972ce4c6-7e08-4474-a285-3208198ce6fd}","syncGUID":"BSE75UAVABFz","location":"app-global","version":"45.0.2","type":"theme","internalName":"classic/1.0","updateURL":null,"updateKey":null,"optionsURL":null,"optionsType":null,"aboutURL":null,"icons":{"32":"icon.png","48":"icon.png"},"iconURL":null,"icon64URL":null,"defaultLocale":{"name":"Default","description":"The default theme.","creator":"Mozilla","homepageURL":null,"contributors":["Mozilla Contributors"]},"visible":true,"active":true,"userDisabled":false,"appDisabled":false,"descriptor":"C:\\Program Files (x86)\\Mozilla Firefox\\browser\\extensions\\{972ce4c6-7e08-4474-a285-3208198ce6fd}.xpi","installDate":1478296636170,"updateDate":1478296636170,"applyBackgroundUpdates":1,"skinnable":true,"size":22012,"sourceURI":null,"releaseNotesURI":null,"softDisabled":false,"foreignInstall":false,"hasBinaryComponents":false,"strictCompatibility":true,"locales":[],"targetApplications":[{"id":"{ec8030f7-c20a-464f-9b0e-13a3a9e97384}","minVersion":"45.0.2","maxVersion":"45.0.2"}],"targetPlatforms":[],"seen":true}
1485284270766	addons.xpi	DEBUG	getModTime: Recursive scan of {972ce4c6-7e08-4474-a285-3208198ce6fd}
1485284270766	DeferredSave.extensions.json	DEBUG	Save changes
1485284270767	addons.xpi	DEBUG	Updating database with changes to installed add-ons
1485284270767	addons.xpi-utils	DEBUG	Updating add-on states
1485284270767	addons.xpi-utils	DEBUG	Writing add-ons list
1485284270771	addons.xpi	DEBUG	Registering manifest for C:\Program Files (x86)\Mozilla Firefox\browser\features\loop@mozilla.org.xpi
1485284270772	addons.xpi	DEBUG	Calling bootstrap method startup on loop@mozilla.org version 1.1.14
1485284270784	addons.manager	DEBUG	Starting provider: <unnamed-provider>
1485284270784	addons.manager	DEBUG	Registering shutdown blocker for <unnamed-provider>
1485284270785	addons.manager	DEBUG	Provider finished startup: <unnamed-provider>
1485284270796	addons.manager	DEBUG	Registering shutdown blocker for XPIProvider
1485284270796	addons.manager	DEBUG	Provider finished startup: XPIProvider
1485284270796	addons.manager	DEBUG	Starting provider: LightweightThemeManager
1485284270796	addons.manager	DEBUG	Registering shutdown blocker for LightweightThemeManager
1485284270797	addons.manager	DEBUG	Provider finished startup: LightweightThemeManager
1485284270797	addons.manager	DEBUG	Starting provider: GMPProvider
1485284270802	addons.manager	DEBUG	Registering shutdown blocker for GMPProvider
1485284270803	addons.manager	DEBUG	Provider finished startup: GMPProvider
1485284270803	addons.manager	DEBUG	Starting provider: PluginProvider
1485284270803	addons.manager	DEBUG	Registering shutdown blocker for PluginProvider
1485284270803	addons.manager	DEBUG	Provider finished startup: PluginProvider
1485284270803	addons.manager	DEBUG	Completed startup sequence
1485284271150	addons.manager	DEBUG	Starting provider: PreviousExperimentProvider
1485284271150	addons.manager	DEBUG	Registering shutdown blocker for PreviousExperimentProvider
1485284271150	addons.manager	DEBUG	Provider finished startup: PreviousExperimentProvider
1485284271152	DeferredSave.extensions.json	DEBUG	Starting write
1485284271387	DeferredSave.extensions.json	DEBUG	Write succeeded
1485284271387	addons.xpi-utils	DEBUG	XPI Database saved, setting schema version preference to 17
11:57:52.288 INFO - Detected dialect: W3C
11:57:52.318 INFO - Done: [new session: Capabilities [{acceptSslCerts=true, marionette=true, name=Demo Test, firefoxOptions=org.openqa.selenium.firefox.FirefoxOptions@10e16b17, browserName=firefox, javascriptEnabled=true, moz:firefoxOptions=org.openqa.selenium.firefox.FirefoxOptions@10e16b17, platform=ANY}]]
11:57:52.348 INFO - Executing: [get: http://www.google.com])
11:57:54.264 INFO - Done: [get: http://www.google.com]
11:57:54.277 INFO - Executing: [find elements: By.cssSelector: body])
11:57:54.303 INFO - Done: [find elements: By.cssSelector: body]
11:57:54.311 INFO - Executing: [is displayed: 0 [[FirefoxDriver: Firefox on XP (815637bb-3503-4bb7-99f5-8503c496d7f6)] -> css selector: body]])
11:57:54.352 INFO - Done: [is displayed: 0 [[FirefoxDriver: Firefox on XP (815637bb-3503-4bb7-99f5-8503c496d7f6)] -> css selector: body]]
11:57:54.362 INFO - Executing: [find element: By.cssSelector: input[type=text]])
11:57:54.370 INFO - Done: [find element: By.cssSelector: input[type=text]]
11:57:54.376 INFO - Executing: [send keys: 1 [[FirefoxDriver: Firefox on XP (815637bb-3503-4bb7-99f5-8503c496d7f6)] -> css selector: input[type=text]], [n, i, g, h, t, w, a, t, c, h]])
11:57:54.534 INFO - Done: [send keys: 1 [[FirefoxDriver: Firefox on XP (815637bb-3503-4bb7-99f5-8503c496d7f6)] -> css selector: input[type=text]], [n, i, g, h, t, w, a, t, c, h]]
11:57:54.544 INFO - Executing: [find elements: By.cssSelector: button[name=btnG]])
11:57:54.553 INFO - Done: [find elements: By.cssSelector: button[name=btnG]]
11:57:54.561 INFO - Executing: [is displayed: 2 [[FirefoxDriver: Firefox on XP (815637bb-3503-4bb7-99f5-8503c496d7f6)] -> css selector: button[name=btnG]]])
11:57:54.600 INFO - Done: [is displayed: 2 [[FirefoxDriver: Firefox on XP (815637bb-3503-4bb7-99f5-8503c496d7f6)] -> css selector: button[name=btnG]]]
11:57:54.619 INFO - Executing: [find element: By.cssSelector: button[name=btnG]])
11:57:54.627 INFO - Done: [find element: By.cssSelector: button[name=btnG]]
11:57:54.633 INFO - Executing: [click: 2 [[FirefoxDriver: Firefox on XP (815637bb-3503-4bb7-99f5-8503c496d7f6)] -> css selector: button[name=btnG]]])
11:57:54.707 INFO - Done: [click: 2 [[FirefoxDriver: Firefox on XP (815637bb-3503-4bb7-99f5-8503c496d7f6)] -> css selector: button[name=btnG]]]
11:57:55.718 INFO - Executing: [find element: By.cssSelector: #main])
11:57:55.969 INFO - Done: [find element: By.cssSelector: #main]
11:57:55.974 INFO - Executing: [get text: 3 [[FirefoxDriver: Firefox on XP (815637bb-3503-4bb7-99f5-8503c496d7f6)] -> css selector: #main]])
11:57:57.127 INFO - Done: [get text: 3 [[FirefoxDriver: Firefox on XP (815637bb-3503-4bb7-99f5-8503c496d7f6)] -> css selector: #main]]
11:57:57.137 INFO - Executing: [delete session: ca81089d-a5b6-4ff5-8551-b7d919a6243c])
1485284277169	addons.xpi	DEBUG	Calling bootstrap method shutdown on loop@mozilla.org version 1.1.14
11:57:57.605 INFO - Done: [delete session: ca81089d-a5b6-4ff5-8551-b7d919a6243c]
